[6/13/2022 4:26:34 AM] [WARNING] mysql_connect: no password specified
[6/13/2022 4:27:41 AM] [ERROR] cache_get_value_name: field 'password' not found
[6/13/2022 4:27:44 AM] [ERROR] mysql_tquery: callback error: callback "checkCredentials" does not exist
[6/13/2022 4:27:47 AM] [ERROR] mysql_tquery: callback error: callback "checkCredentials" does not exist
[6/13/2022 4:27:49 AM] [ERROR] mysql_tquery: callback error: callback "checkCredentials" does not exist
[6/13/2022 4:27:53 AM] [ERROR] mysql_tquery: callback error: callback "checkCredentials" does not exist
[6/13/2022 4:30:17 AM] [WARNING] mysql_connect: no password specified
[6/13/2022 4:30:50 AM] [ERROR] cache_get_value_name: field 'password' not found
[6/13/2022 4:32:45 AM] [WARNING] mysql_connect: no password specified
[6/13/2022 4:32:46 AM] [ERROR] cache_get_value_name: field 'password' not found
[6/13/2022 4:34:07 AM] [WARNING] mysql_connect: no password specified
[6/13/2022 4:34:08 AM] [ERROR] cache_get_value_name_int: field 'playerID' not found
[6/13/2022 4:34:08 AM] [ERROR] cache_get_value_name: field 'password' not found
[6/13/2022 4:36:24 AM] [WARNING] mysql_connect: no password specified
[6/13/2022 4:36:24 AM] [ERROR] cache_get_value_name_int: field 'playerID' not found
[6/13/2022 4:36:24 AM] [ERROR] cache_get_value_name: field 'password' not found
[6/13/2022 4:39:10 AM] [WARNING] mysql_connect: no password specified
[6/13/2022 4:39:11 AM] [ERROR] cache_get_value_name_int: field 'playerID' not found
[6/13/2022 4:39:11 AM] [ERROR] cache_get_value_name: field 'password' not found
[6/13/2022 5:00:11 AM] [WARNING] mysql_connect: no password specified
[6/13/2022 5:00:11 AM] [ERROR] cache_get_value_name_int: field 'playerID' not found
[6/13/2022 5:00:11 AM] [ERROR] cache_get_value_name: field 'password' not found
[6/13/2022 5:03:24 AM] [WARNING] mysql_connect: no password specified
[6/13/2022 5:03:24 AM] [ERROR] cache_get_value_name_int: field 'playerID' not found
[6/13/2022 5:03:24 AM] [ERROR] cache_get_value_name: field 'password' not found
[6/13/2022 5:05:42 AM] [WARNING] mysql_connect: no password specified
[6/13/2022 5:05:42 AM] [ERROR] cache_get_value_name_int: field 'playerID' not found
[6/13/2022 5:05:42 AM] [ERROR] cache_get_value_name: field 'playerPassword' not found
[6/13/2022 5:07:11 AM] [WARNING] mysql_connect: no password specified
[6/13/2022 5:08:54 AM] [WARNING] mysql_connect: no password specified
[6/13/2022 5:11:28 AM] [ERROR] mysql_tquery: callback error: callback "checkCredentials" does not exist
[6/13/2022 5:13:45 AM] [WARNING] mysql_connect: no password specified
[6/13/2022 5:16:26 AM] [WARNING] mysql_connect: no password specified
[6/13/2022 5:16:30 AM] [ERROR] cache_get_value_name_int: value 'American' is not a number
[6/13/2022 5:16:30 AM] [ERROR] cache_get_value_name_int: value '(null)' is not a number
[6/13/2022 5:16:30 AM] [ERROR] cache_get_value_name_int: value '(null)' is not a number
[6/13/2022 5:16:30 AM] [ERROR] cache_get_value_name_int: value '(null)' is not a number
[6/13/2022 5:18:46 AM] [WARNING] mysql_connect: no password specified
[6/13/2022 5:18:48 AM] [ERROR] cache_get_value_name_int: value 'American' is not a number
[6/13/2022 5:18:48 AM] [ERROR] cache_get_value_name_int: value '(null)' is not a number
[6/13/2022 5:18:48 AM] [ERROR] cache_get_value_name_int: value '(null)' is not a number
[6/13/2022 5:18:48 AM] [ERROR] cache_get_value_name_int: value '(null)' is not a number
[6/13/2022 5:21:24 AM] [WARNING] mysql_connect: no password specified
[6/13/2022 5:21:28 AM] [ERROR] cache_get_value_name_int: value 'American' is not a number
[6/13/2022 5:21:28 AM] [ERROR] cache_get_value_name_int: value '(null)' is not a number
[6/13/2022 5:21:28 AM] [ERROR] cache_get_value_name_int: value '(null)' is not a number
[6/13/2022 5:21:28 AM] [ERROR] cache_get_value_name_int: value '(null)' is not a number
[6/13/2022 5:24:05 AM] [WARNING] mysql_connect: no password specified
[6/13/2022 5:24:08 AM] [ERROR] cache_get_value_name_int: value 'American' is not a number
[6/13/2022 5:24:08 AM] [ERROR] cache_get_value_name_int: value '(null)' is not a number
[6/13/2022 5:24:08 AM] [ERROR] cache_get_value_name_int: value '(null)' is not a number
[6/13/2022 5:24:08 AM] [ERROR] cache_get_value_name_int: value '(null)' is not a number
[6/13/2022 5:29:53 AM] [WARNING] mysql_connect: no password specified
[6/13/2022 5:29:56 AM] [ERROR] cache_get_value_name_int: value 'American' is not a number
[6/13/2022 5:29:56 AM] [ERROR] cache_get_value_name_int: value '(null)' is not a number
[6/13/2022 5:29:56 AM] [ERROR] cache_get_value_name_int: value '(null)' is not a number
[6/13/2022 5:29:56 AM] [ERROR] cache_get_value_name_int: value '(null)' is not a number
[6/13/2022 5:32:35 AM] [WARNING] mysql_connect: no password specified
[6/13/2022 5:32:37 AM] [ERROR] cache_get_value_name_int: value 'American' is not a number
[6/13/2022 5:32:37 AM] [ERROR] cache_get_value_name_int: value '(null)' is not a number
[6/13/2022 5:32:37 AM] [ERROR] cache_get_value_name_int: value '(null)' is not a number
[6/13/2022 5:32:37 AM] [ERROR] cache_get_value_name_int: value '(null)' is not a number
